<?xml version="1.0" encoding="UTF-8"?>
<testsuite name="Scenario: The sum of a list of numbers should be calculated" tests="4" skipped="0" failures="0" errors="0" timestamp="2020-03-13T10:33:53" hostname="Prasads-MacBook-Pro.local" time="0.004">
  <properties/>
  <testcase name="Given I have Numbers below" classname="Scenario: The sum of a list of numbers should be calculated" time="0.0"/>
  <testcase name="When I perform substraction" classname="Scenario: The sum of a list of numbers should be calculated" time="0.0"/>
  <testcase name="Then should I get the  value" classname="Scenario: The sum of a list of numbers should be calculated" time="0.0"/>
  <testcase name="classMethod" classname="Scenario: The sum of a list of numbers should be calculated" time="0.118"/>
  <system-out><![CDATA[]]></system-out>
  <system-err><![CDATA[]]></system-err>
</testsuite>
