<?xml version="1.0" encoding="UTF-8"?>
<testsuite name="Opening the Browser" tests="1" skipped="0" failures="0" errors="0" timestamp="2020-03-09T09:41:09" hostname="Prasads-MacBook-Pro.local" time="172.864">
  <properties/>
  <testcase name="Opening the Browser" classname="Opening the Browser" time="172.864"/>
  <system-out><![CDATA[
Scenario: Opening the Browser ?[90m# src/test/java/com/qa/features/login.feature:6?[0m
  ?[32mGiven ?[0m?[32mThe browser is open?[0m   ?[90m# com.qa.stepDefs.loginPageStefDef.theBrowserIsOpen()?[0m
  ?[32mWhen ?[0m?[32mUser logs in?[0m           ?[90m# com.qa.stepDefs.loginPageStefDef.userLogsIn()?[0m
  ?[32mThen ?[0m?[32muser sees login Page?[0m   ?[90m# com.qa.stepDefs.loginPageStefDef.userSeesLoginPage()?[0m
  ?[32mAnd ?[0m?[32mBrowser is closed?[0m       ?[90m# com.qa.stepDefs.loginPageStefDef.browserIsClosed()?[0m
]]></system-out>
  <system-err><![CDATA[Starting ChromeDriver 80.0.3987.106 (f68069574609230cf9b635cd784cfb1bf81bb53a-refs/branch-heads/3987@{#882}) on port 1594
Only local connections are allowed.
Please protect ports used by ChromeDriver and related test frameworks to prevent access by malicious code.
Mar 09, 2020 3:11:11 PM org.openqa.selenium.remote.ProtocolHandshake createSession
INFO: Detected dialect: W3C
[1583746872.263][SEVERE]: Timed out receiving message from renderer: 0.100
[1583746872.365][SEVERE]: Timed out receiving message from renderer: 0.100
[1583746872.538][SEVERE]: Timed out receiving message from renderer: 0.100
[1583746872.640][SEVERE]: Timed out receiving message from renderer: 0.100
[1583746872.794][SEVERE]: Timed out receiving message from renderer: 0.100
[1583746872.897][SEVERE]: Timed out receiving message from renderer: 0.100
[1583746872.998][SEVERE]: Timed out receiving message from renderer: 0.100
[1583746873.100][SEVERE]: Timed out receiving message from renderer: 0.100
[1583747042.008][SEVERE]: Timed out receiving message from renderer: 0.100
[1583747042.246][SEVERE]: Timed out receiving message from renderer: 0.100
[1583747042.347][SEVERE]: Timed out receiving message from renderer: 0.100
]]></system-err>
</testsuite>
