<?xml version="1.0" encoding="UTF-8"?>
<testsuite name="com.qa.cukeRunner.CukeRunner" tests="0" skipped="0" failures="0" errors="0" timestamp="1970-01-01T00:00:00" hostname="Prasads-MacBook-Pro.local" time="0.0">
  <properties/>
  <system-out><![CDATA[@sub
Feature: Cucumber can convert a Gherkin data table to a list of a type you specify.
Yohooo! you have got it right

  Scenario: The sum of a list of numbers should be calculated ?[90m# src/test/java/com/qa/features/substraction_withMapDataTable.feature:5?[0m
    ?[32mGiven ?[0m?[32mI have Numbers below?[0m                                ?[90m# substraction_withMapDataTable.i_have_list_below(DataTable)?[0m
    ?[32mWhen ?[0m?[32mI perform substraction?[0m                               ?[90m# substraction_withMapDataTable.i_perform_substraction()?[0m
    ?[32mThen ?[0m?[32mshould I get the  value?[0m                              ?[90m# substraction_withMapDataTable.should_I_get_the_value()?[0m

1 Scenarios (?[32m1 passed?[0m)
3 Steps (?[32m3 passed?[0m)
0m0.065s

]]></system-out>
  <system-err><![CDATA[]]></system-err>
</testsuite>
