<?xml version="1.0" encoding="UTF-8"?>
<testsuite name="Cucumber can convert a Gherkin data table to a list of a type you specify." tests="1" skipped="0" failures="0" errors="0" timestamp="2020-03-12T13:24:50" hostname="Prasads-MacBook-Pro.local" time="0.143">
  <properties/>
  <testcase name="The sum of a list of numbers should be calculated" classname="Cucumber can convert a Gherkin data table to a list of a type you specify." time="0.143"/>
  <system-out><![CDATA[
@sub
Scenario: The sum of a list of numbers should be calculated ?[90m# src/test/java/com/qa/features/substraction_withMapDataTable.feature:5?[0m
  ?[32mGiven ?[0m?[32mI have list below?[0m                                   ?[90m# com.qa.stepDefs.substraction_withMapDataTable.i_have_list_below(io.cucumber.datatable.DataTable)?[0m
  ?[32mWhen ?[0m?[32mI perform substraction?[0m                               ?[90m# com.qa.stepDefs.substraction_withMapDataTable.i_perform_substraction()?[0m
Yohooo! you have got it right
  ?[32mThen ?[0m?[32mshould I get the  value?[0m                              ?[90m# com.qa.stepDefs.substraction_withMapDataTable.should_I_get_the_value()?[0m
]]></system-out>
  <system-err><![CDATA[]]></system-err>
</testsuite>
